2025-02-20 21:04:24,201:ERROR:Failed to retrieve data for station ID: 001NH, Status Code: 404
2025-02-20 21:04:34,224:ERROR:Failed to retrieve data for station ID: 0021W, Status Code: 404
2025-02-20 21:04:46,293:ERROR:Failed to retrieve data for station ID: 002NH, Status Code: 404
2025-02-20 21:05:50,936:ERROR:Failed to retrieve data for station ID: 002SE, Status Code: 504
2025-02-20 21:06:29,819:ERROR:Failed to retrieve data for station ID: 003NH, Status Code: 404
2025-02-20 21:06:50,606:ERROR:Failed to retrieve data for station ID: 0046W, Status Code: 404
2025-02-20 21:06:50,913:ERROR:Failed to retrieve data for station ID: 0047W, Status Code: 404
2025-02-20 21:06:56,183:ERROR:Failed to retrieve data for station ID: 004NH, Status Code: 404
2025-02-20 21:07:06,265:ERROR:Failed to retrieve data for station ID: 0050W, Status Code: 404
2025-02-20 21:07:09,185:ERROR:Failed to retrieve data for station ID: 0058W, Status Code: 404
2025-02-20 21:07:13,993:ERROR:Failed to retrieve data for station ID: 005NH, Status Code: 404
2025-02-20 21:07:19,470:ERROR:Failed to retrieve data for station ID: 0064W, Status Code: 404
2025-02-20 21:07:20,959:ERROR:Failed to retrieve data for station ID: 0067W, Status Code: 404
2025-02-20 21:07:22,267:ERROR:Failed to retrieve data for station ID: 0069W, Status Code: 404
2025-02-20 21:07:22,662:ERROR:Failed to retrieve data for station ID: 006HC, Status Code: 404
2025-02-20 21:07:27,892:ERROR:Failed to retrieve data for station ID: 006NH, Status Code: 404
2025-02-20 21:07:35,951:ERROR:Failed to retrieve data for station ID: 007NH, Status Code: 404
2025-02-20 21:07:41,151:ERROR:Failed to retrieve data for station ID: 008NH, Status Code: 404
2025-02-20 21:07:42,230:ERROR:Failed to retrieve data for station ID: 0091W, Status Code: 404
2025-02-20 21:07:42,654:ERROR:Failed to retrieve data for station ID: 0094W, Status Code: 404
2025-02-20 21:07:45,749:ERROR:Failed to retrieve data for station ID: 009NH, Status Code: 404
2025-02-20 21:07:48,852:ERROR:Failed to retrieve data for station ID: 0104W, Status Code: 404
2025-02-20 21:07:50,554:ERROR:Failed to retrieve data for station ID: 010NH, Status Code: 404
2025-02-20 21:07:54,260:ERROR:Failed to retrieve data for station ID: 0112W, Status Code: 404
2025-02-20 21:07:54,574:ERROR:Failed to retrieve data for station ID: 0114W, Status Code: 404
2025-02-20 21:07:56,536:ERROR:Failed to retrieve data for station ID: 011NH, Status Code: 404
2025-02-20 21:08:03,129:ERROR:Failed to retrieve data for station ID: 0129W, Status Code: 404
2025-02-20 21:08:11,879:ERROR:Failed to retrieve data for station ID: 0139W, Status Code: 404
2025-02-20 21:08:14,622:ERROR:Failed to retrieve data for station ID: 013NH, Status Code: 404
2025-02-20 21:08:18,085:ERROR:Failed to retrieve data for station ID: 0140W, Status Code: 404
2025-02-20 21:08:50,456:ERROR:Failed to retrieve data for station ID: 0150W, Status Code: 404
2025-02-20 21:08:50,744:ERROR:Failed to retrieve data for station ID: 0152W, Status Code: 404
2025-02-20 21:08:54,394:ERROR:Failed to retrieve data for station ID: 015NH, Status Code: 404
2025-02-20 21:08:57,770:ERROR:Failed to retrieve data for station ID: 016NH, Status Code: 404
2025-02-20 21:08:59,909:ERROR:Failed to retrieve data for station ID: 0171W, Status Code: 404
2025-02-20 21:09:03,748:ERROR:Failed to retrieve data for station ID: 0174W, Status Code: 404
2025-02-20 21:09:05,392:ERROR:Failed to retrieve data for station ID: 017NH, Status Code: 404
2025-02-20 21:09:15,643:ERROR:Failed to retrieve data for station ID: 0180W, Status Code: 404
2025-02-20 21:09:23,859:ERROR:Failed to retrieve data for station ID: 018NH, Status Code: 404
2025-02-20 21:09:24,138:ERROR:Failed to retrieve data for station ID: 018PG, Status Code: 404
2025-02-20 21:09:26,011:ERROR:Failed to retrieve data for station ID: 0191W, Status Code: 404
2025-02-20 21:09:35,836:ERROR:Failed to retrieve data for station ID: 0198W, Status Code: 404
2025-02-20 21:09:37,185:ERROR:Failed to retrieve data for station ID: 019HI, Status Code: 404
2025-02-20 21:09:37,488:ERROR:Failed to retrieve data for station ID: 019NH, Status Code: 404
2025-02-20 21:09:42,649:ERROR:Failed to retrieve data for station ID: 0202W, Status Code: 404
2025-02-20 21:09:43,010:ERROR:Failed to retrieve data for station ID: 0203W, Status Code: 404
2025-02-20 21:09:43,343:ERROR:Failed to retrieve data for station ID: 0209W, Status Code: 404
2025-02-20 21:09:44,971:ERROR:Failed to retrieve data for station ID: 020NH, Status Code: 404
2025-02-20 21:09:56,023:ERROR:Failed to retrieve data for station ID: 0212W, Status Code: 404
2025-02-20 21:09:56,343:ERROR:Failed to retrieve data for station ID: 0215W, Status Code: 404
2025-02-20 21:09:59,119:ERROR:Failed to retrieve data for station ID: 0219W, Status Code: 404
2025-02-20 21:10:00,785:ERROR:Failed to retrieve data for station ID: 021NH, Status Code: 404
2025-02-20 21:10:03,058:ERROR:Failed to retrieve data for station ID: 0221W, Status Code: 404
2025-02-20 21:10:03,455:ERROR:Failed to retrieve data for station ID: 0228W, Status Code: 404
2025-02-20 21:10:05,234:ERROR:Failed to retrieve data for station ID: 022NH, Status Code: 404
2025-02-20 21:10:07,331:ERROR:Failed to retrieve data for station ID: 0231W, Status Code: 404
2025-02-20 21:10:13,112:ERROR:Failed to retrieve data for station ID: 023HI, Status Code: 404
2025-02-20 21:10:13,445:ERROR:Failed to retrieve data for station ID: 023NH, Status Code: 404
2025-02-20 21:10:20,856:ERROR:Failed to retrieve data for station ID: 024NH, Status Code: 404
2025-02-20 21:10:25,179:ERROR:Failed to retrieve data for station ID: 0254W, Status Code: 404
2025-02-20 21:10:26,952:ERROR:Failed to retrieve data for station ID: 0259W, Status Code: 404
2025-02-20 21:10:29,447:ERROR:Failed to retrieve data for station ID: 025HC, Status Code: 404
2025-02-20 21:10:33,125:ERROR:Failed to retrieve data for station ID: 025NH, Status Code: 404
2025-02-20 21:10:37,782:ERROR:Failed to retrieve data for station ID: 0262W, Status Code: 404
2025-02-20 21:10:39,168:ERROR:Failed to retrieve data for station ID: 0266W, Status Code: 404
2025-02-20 21:10:40,875:ERROR:Failed to retrieve data for station ID: 026NH, Status Code: 404
2025-02-20 21:10:49,454:ERROR:Failed to retrieve data for station ID: 027NH, Status Code: 404
2025-02-20 21:10:59,918:ERROR:Failed to retrieve data for station ID: 0283W, Status Code: 404
2025-02-20 21:11:05,143:ERROR:Failed to retrieve data for station ID: 028NH, Status Code: 404
2025-02-20 21:11:14,586:ERROR:Failed to retrieve data for station ID: 0292W, Status Code: 404
2025-02-20 21:11:15,230:ERROR:Failed to retrieve data for station ID: 0297W, Status Code: 404
2025-02-20 21:11:17,818:ERROR:Failed to retrieve data for station ID: 0300W, Status Code: 404
2025-02-20 21:11:18,166:ERROR:Failed to retrieve data for station ID: 0307W, Status Code: 404
2025-02-20 21:11:20,670:ERROR:Failed to retrieve data for station ID: 0310W, Status Code: 404
2025-02-20 21:11:20,961:ERROR:Failed to retrieve data for station ID: 0314W, Status Code: 404
2025-02-20 21:11:26,493:ERROR:Failed to retrieve data for station ID: 032HI, Status Code: 404
2025-02-20 21:11:33,343:ERROR:Failed to retrieve data for station ID: 0333W, Status Code: 404
2025-02-20 21:11:36,023:ERROR:Failed to retrieve data for station ID: 0341W, Status Code: 404
2025-02-20 21:11:50,624:ERROR:Failed to retrieve data for station ID: 0358W, Status Code: 404
2025-02-20 21:11:51,990:ERROR:Failed to retrieve data for station ID: 0359W, Status Code: 404
2025-02-20 21:11:59,395:ERROR:Failed to retrieve data for station ID: 035HC, Status Code: 404
2025-02-20 21:12:01,328:ERROR:Failed to retrieve data for station ID: 0362W, Status Code: 404
2025-02-20 21:12:02,728:ERROR:Failed to retrieve data for station ID: 0370W, Status Code: 404
2025-02-20 21:12:03,137:ERROR:Failed to retrieve data for station ID: 0373W, Status Code: 404
2025-02-20 21:12:09,077:ERROR:Failed to retrieve data for station ID: 0396W, Status Code: 404
2025-02-20 21:12:10,379:ERROR:Failed to retrieve data for station ID: 0398W, Status Code: 404
2025-02-20 21:12:11,609:ERROR:Failed to retrieve data for station ID: 0400W, Status Code: 404
2025-02-20 21:12:16,320:ERROR:Failed to retrieve data for station ID: 0413W, Status Code: 404
2025-02-20 21:12:27,474:ERROR:Failed to retrieve data for station ID: 0430W, Status Code: 404
2025-02-20 21:12:27,859:ERROR:Failed to retrieve data for station ID: 0431W, Status Code: 404
2025-02-20 21:12:28,137:ERROR:Failed to retrieve data for station ID: 0433W, Status Code: 404
2025-02-20 21:12:29,555:ERROR:Failed to retrieve data for station ID: 0437W, Status Code: 404
2025-02-20 21:12:29,864:ERROR:Failed to retrieve data for station ID: 043HI, Status Code: 404
2025-02-20 21:12:36,824:ERROR:Failed to retrieve data for station ID: 0450W, Status Code: 404
2025-02-20 21:12:39,604:ERROR:Failed to retrieve data for station ID: 0457W, Status Code: 404
2025-02-20 21:12:41,206:ERROR:Failed to retrieve data for station ID: 0459W, Status Code: 404
2025-02-20 21:12:43,320:ERROR:Failed to retrieve data for station ID: 0461W, Status Code: 404
2025-02-20 21:12:43,625:ERROR:Failed to retrieve data for station ID: 0463W, Status Code: 404
2025-02-20 21:12:43,966:ERROR:Failed to retrieve data for station ID: 0465W, Status Code: 404
2025-02-20 21:12:48,373:ERROR:Failed to retrieve data for station ID: 0475W, Status Code: 404
2025-02-20 21:12:51,391:ERROR:Failed to retrieve data for station ID: 0486W, Status Code: 404
2025-02-20 21:12:51,669:ERROR:Failed to retrieve data for station ID: 0488W, Status Code: 404
2025-02-20 21:12:55,730:ERROR:Failed to retrieve data for station ID: 0491W, Status Code: 404
2025-02-20 21:12:56,083:ERROR:Failed to retrieve data for station ID: 0495W, Status Code: 404
2025-02-20 21:12:57,431:ERROR:Failed to retrieve data for station ID: 0497W, Status Code: 404
2025-02-20 21:13:35,417:ERROR:Failed to retrieve data for station ID: 0540W, Status Code: 404
2025-02-20 21:13:36,712:ERROR:Failed to retrieve data for station ID: 0542W, Status Code: 404
2025-02-20 21:13:38,024:ERROR:Failed to retrieve data for station ID: 0545W, Status Code: 404
2025-02-20 21:13:39,358:ERROR:Failed to retrieve data for station ID: 0549W, Status Code: 404
2025-02-20 21:13:43,808:ERROR:Failed to retrieve data for station ID: 0550W, Status Code: 404
2025-02-20 21:13:45,256:ERROR:Failed to retrieve data for station ID: 0551W, Status Code: 404
2025-02-20 21:13:45,530:ERROR:Failed to retrieve data for station ID: 0554W, Status Code: 404
2025-02-20 21:13:53,759:ERROR:Failed to retrieve data for station ID: 0562W, Status Code: 404
2025-02-20 21:13:54,081:ERROR:Failed to retrieve data for station ID: 0566W, Status Code: 404
2025-02-20 21:13:57,617:ERROR:Failed to retrieve data for station ID: 0571W, Status Code: 404
2025-02-20 21:13:58,084:ERROR:Failed to retrieve data for station ID: 0574W, Status Code: 404
2025-02-20 21:13:59,376:ERROR:Failed to retrieve data for station ID: 0576W, Status Code: 404
2025-02-20 21:14:33,684:ERROR:Failed to retrieve data for station ID: 064PG, Status Code: 404
2025-02-20 21:14:34,568:ERROR:Failed to retrieve data for station ID: 0650W, Status Code: 404
2025-02-20 21:14:34,902:ERROR:Failed to retrieve data for station ID: 0651W, Status Code: 404
